<?xml version="1.0" encoding="UTF-8"?>
<testsuites name="LoginTest" time="37.995" tests="5" failures="0" errors="0">
   <testsuite name="LoginTest" tests="5" failures="0" errors="0" time="37.995" skipped="0" timestamp="2023-05-27 18:04:24" hostname="sepdwita - sepdwitas-air" id="Test Suites/LoginTest">
      <properties>
         <property name="deviceName" value=""/>
         <property name="devicePlatform" value=""/>
         <property name="logFolder" value="/Users/cinte/git/datadriven_test/Reports/20230527_180420/LoginTest/20230527_180420"/>
         <property name="logFiles" value="/Users/cinte/git/datadriven_test/Reports/20230527_180420/LoginTest/20230527_180420/execution0.log"/>
         <property name="attachments" value=""/>
         <property name="hostName" value="sepdwita - sepdwitas-air"/>
         <property name="os" value="Mac OS X 64bit"/>
         <property name="katalonVersion" value="8.6.0.208"/>
         <property name="browser" value="Chrome 113.0.0.0"/>
         <property name="hostAddress" value="192.168.0.166"/>
         <property name="sessionId" value="868956fc3522ae97c620571730b8560a"/>
         <property name="seleniumVersion" value="3.141.59"/>
         <property name="proxyInformation" value="ProxyInformation { proxyOption=NO_PROXY, proxyServerType=HTTP, username=, password=********, proxyServerAddress=, proxyServerPort=0, executionList=&quot;&quot;, isApplyToDesiredCapabilities=true }"/>
         <property name="platform" value="Mac OS X"/>
      </properties>
      <testcase name="Test Cases/TC001- LoginTest" time="9.36" classname="Test Cases/TC001- LoginTest" status="PASSED">
         <system-out><![CDATA[2023-05-27 18:04:24 - [TEST_CASE][PASSED] - Test Cases/TC001- LoginTest: Test Cases/TC001- LoginTest

2023-05-27 18:04:25 - [TEST_STEP][PASSED] - openBrowser(""): Browser is opened with url: ''

2023-05-27 18:04:25 - [MESSAGE][INFO] - Starting 'Chrome' driver

2023-05-27 18:04:25 - [MESSAGE][INFO] - Action delay is set to 0 milliseconds

2023-05-27 18:04:29 - [MESSAGE][PASSED] - Browser is opened with url: ''

2023-05-27 18:04:29 - [TEST_STEP][PASSED] - navigateToUrl("https://www.saucedemo.com/"): Navigate to 'https://www.saucedemo.com/' successfully

2023-05-27 18:04:31 - [MESSAGE][PASSED] - Navigate to 'https://www.saucedemo.com/' successfully

2023-05-27 18:04:31 - [TEST_STEP][PASSED] - setText(findTestObject("Object Repository/TC001_LoginTest/Page_Swag Labs/input_Swag Labs_user-name"), Username): Text 'standard_user' is set on object 'Object Repository/TC001_LoginTest/Page_Swag Labs/input_Swag Labs_user-name'

2023-05-27 18:04:32 - [MESSAGE][PASSED] - Text 'standard_user' is set on object 'Object Repository/TC001_LoginTest/Page_Swag Labs/input_Swag Labs_user-name'

2023-05-27 18:04:32 - [TEST_STEP][PASSED] - setText(findTestObject("Object Repository/TC001_LoginTest/Page_Swag Labs/input_Swag Labs_password"), Password): Text 'secret_sauce' is set on object 'Object Repository/TC001_LoginTest/Page_Swag Labs/input_Swag Labs_password'

2023-05-27 18:04:33 - [MESSAGE][PASSED] - Text 'secret_sauce' is set on object 'Object Repository/TC001_LoginTest/Page_Swag Labs/input_Swag Labs_password'

2023-05-27 18:04:33 - [TEST_STEP][PASSED] - click(findTestObject("Object Repository/TC001_LoginTest/Page_Swag Labs/input_Swag Labs_login-button")): Object: 'Object Repository/TC001_LoginTest/Page_Swag Labs/input_Swag Labs_login-button' is clicked on

2023-05-27 18:04:34 - [MESSAGE][PASSED] - Object: 'Object Repository/TC001_LoginTest/Page_Swag Labs/input_Swag Labs_login-button' is clicked on

2023-05-27 18:04:34 - [TEST_STEP][PASSED] - closeBrowser(): Browser is closed

2023-05-27 18:04:34 - [MESSAGE][PASSED] - Browser is closed]]></system-out>
         <system-err><![CDATA[]]></system-err>
      </testcase>
      <testcase name="Test Cases/TC001- LoginTest" time="5.996" classname="Test Cases/TC001- LoginTest" status="PASSED">
         <system-out><![CDATA[2023-05-27 18:04:34 - [TEST_CASE][PASSED] - Test Cases/TC001- LoginTest: Test Cases/TC001- LoginTest

2023-05-27 18:04:34 - [TEST_STEP][PASSED] - openBrowser(""): Browser is opened with url: ''

2023-05-27 18:04:34 - [MESSAGE][INFO] - Starting 'Chrome' driver

2023-05-27 18:04:34 - [MESSAGE][INFO] - Action delay is set to 0 milliseconds

2023-05-27 18:04:36 - [MESSAGE][PASSED] - Browser is opened with url: ''

2023-05-27 18:04:36 - [TEST_STEP][PASSED] - navigateToUrl("https://www.saucedemo.com/"): Navigate to 'https://www.saucedemo.com/' successfully

2023-05-27 18:04:37 - [MESSAGE][PASSED] - Navigate to 'https://www.saucedemo.com/' successfully

2023-05-27 18:04:37 - [TEST_STEP][PASSED] - setText(findTestObject("Object Repository/TC001_LoginTest/Page_Swag Labs/input_Swag Labs_user-name"), Username): Text 'problem_user' is set on object 'Object Repository/TC001_LoginTest/Page_Swag Labs/input_Swag Labs_user-name'

2023-05-27 18:04:38 - [MESSAGE][PASSED] - Text 'problem_user' is set on object 'Object Repository/TC001_LoginTest/Page_Swag Labs/input_Swag Labs_user-name'

2023-05-27 18:04:38 - [TEST_STEP][PASSED] - setText(findTestObject("Object Repository/TC001_LoginTest/Page_Swag Labs/input_Swag Labs_password"), Password): Text 'secret_sauce' is set on object 'Object Repository/TC001_LoginTest/Page_Swag Labs/input_Swag Labs_password'

2023-05-27 18:04:39 - [MESSAGE][PASSED] - Text 'secret_sauce' is set on object 'Object Repository/TC001_LoginTest/Page_Swag Labs/input_Swag Labs_password'

2023-05-27 18:04:39 - [TEST_STEP][PASSED] - click(findTestObject("Object Repository/TC001_LoginTest/Page_Swag Labs/input_Swag Labs_login-button")): Object: 'Object Repository/TC001_LoginTest/Page_Swag Labs/input_Swag Labs_login-button' is clicked on

2023-05-27 18:04:40 - [MESSAGE][PASSED] - Object: 'Object Repository/TC001_LoginTest/Page_Swag Labs/input_Swag Labs_login-button' is clicked on

2023-05-27 18:04:40 - [TEST_STEP][PASSED] - closeBrowser(): Browser is closed

2023-05-27 18:04:40 - [MESSAGE][PASSED] - Browser is closed]]></system-out>
         <system-err><![CDATA[]]></system-err>
      </testcase>
      <testcase name="Test Cases/TC001- LoginTest" time="10.877" classname="Test Cases/TC001- LoginTest" status="PASSED">
         <system-out><![CDATA[2023-05-27 18:04:40 - [TEST_CASE][PASSED] - Test Cases/TC001- LoginTest: Test Cases/TC001- LoginTest

2023-05-27 18:04:40 - [TEST_STEP][PASSED] - openBrowser(""): Browser is opened with url: ''

2023-05-27 18:04:40 - [MESSAGE][INFO] - Starting 'Chrome' driver

2023-05-27 18:04:40 - [MESSAGE][INFO] - Action delay is set to 0 milliseconds

2023-05-27 18:04:42 - [MESSAGE][PASSED] - Browser is opened with url: ''

2023-05-27 18:04:42 - [TEST_STEP][PASSED] - navigateToUrl("https://www.saucedemo.com/"): Navigate to 'https://www.saucedemo.com/' successfully

2023-05-27 18:04:43 - [MESSAGE][PASSED] - Navigate to 'https://www.saucedemo.com/' successfully

2023-05-27 18:04:43 - [TEST_STEP][PASSED] - setText(findTestObject("Object Repository/TC001_LoginTest/Page_Swag Labs/input_Swag Labs_user-name"), Username): Text 'performance_glitch_user' is set on object 'Object Repository/TC001_LoginTest/Page_Swag Labs/input_Swag Labs_user-name'

2023-05-27 18:04:44 - [MESSAGE][PASSED] - Text 'performance_glitch_user' is set on object 'Object Repository/TC001_LoginTest/Page_Swag Labs/input_Swag Labs_user-name'

2023-05-27 18:04:44 - [TEST_STEP][PASSED] - setText(findTestObject("Object Repository/TC001_LoginTest/Page_Swag Labs/input_Swag Labs_password"), Password): Text 'secret_sauce' is set on object 'Object Repository/TC001_LoginTest/Page_Swag Labs/input_Swag Labs_password'

2023-05-27 18:04:45 - [MESSAGE][PASSED] - Text 'secret_sauce' is set on object 'Object Repository/TC001_LoginTest/Page_Swag Labs/input_Swag Labs_password'

2023-05-27 18:04:45 - [TEST_STEP][PASSED] - click(findTestObject("Object Repository/TC001_LoginTest/Page_Swag Labs/input_Swag Labs_login-button")): Object: 'Object Repository/TC001_LoginTest/Page_Swag Labs/input_Swag Labs_login-button' is clicked on

2023-05-27 18:04:50 - [MESSAGE][PASSED] - Object: 'Object Repository/TC001_LoginTest/Page_Swag Labs/input_Swag Labs_login-button' is clicked on

2023-05-27 18:04:50 - [TEST_STEP][PASSED] - closeBrowser(): Browser is closed

2023-05-27 18:04:51 - [MESSAGE][PASSED] - Browser is closed]]></system-out>
         <system-err><![CDATA[]]></system-err>
      </testcase>
      <testcase name="Test Cases/TC001- LoginTest" time="5.363" classname="Test Cases/TC001- LoginTest" status="PASSED">
         <system-out><![CDATA[2023-05-27 18:04:51 - [TEST_CASE][PASSED] - Test Cases/TC001- LoginTest: Test Cases/TC001- LoginTest

2023-05-27 18:04:51 - [TEST_STEP][PASSED] - openBrowser(""): Browser is opened with url: ''

2023-05-27 18:04:51 - [MESSAGE][INFO] - Starting 'Chrome' driver

2023-05-27 18:04:51 - [MESSAGE][INFO] - Action delay is set to 0 milliseconds

2023-05-27 18:04:53 - [MESSAGE][PASSED] - Browser is opened with url: ''

2023-05-27 18:04:53 - [TEST_STEP][PASSED] - navigateToUrl("https://www.saucedemo.com/"): Navigate to 'https://www.saucedemo.com/' successfully

2023-05-27 18:04:54 - [MESSAGE][PASSED] - Navigate to 'https://www.saucedemo.com/' successfully

2023-05-27 18:04:54 - [TEST_STEP][PASSED] - setText(findTestObject("Object Repository/TC001_LoginTest/Page_Swag Labs/input_Swag Labs_user-name"), Username): Text 'locked_out_user' is set on object 'Object Repository/TC001_LoginTest/Page_Swag Labs/input_Swag Labs_user-name'

2023-05-27 18:04:55 - [MESSAGE][PASSED] - Text 'locked_out_user' is set on object 'Object Repository/TC001_LoginTest/Page_Swag Labs/input_Swag Labs_user-name'

2023-05-27 18:04:55 - [TEST_STEP][PASSED] - setText(findTestObject("Object Repository/TC001_LoginTest/Page_Swag Labs/input_Swag Labs_password"), Password): Text 'secret_sauce' is set on object 'Object Repository/TC001_LoginTest/Page_Swag Labs/input_Swag Labs_password'

2023-05-27 18:04:56 - [MESSAGE][PASSED] - Text 'secret_sauce' is set on object 'Object Repository/TC001_LoginTest/Page_Swag Labs/input_Swag Labs_password'

2023-05-27 18:04:56 - [TEST_STEP][PASSED] - click(findTestObject("Object Repository/TC001_LoginTest/Page_Swag Labs/input_Swag Labs_login-button")): Object: 'Object Repository/TC001_LoginTest/Page_Swag Labs/input_Swag Labs_login-button' is clicked on

2023-05-27 18:04:56 - [MESSAGE][PASSED] - Object: 'Object Repository/TC001_LoginTest/Page_Swag Labs/input_Swag Labs_login-button' is clicked on

2023-05-27 18:04:56 - [TEST_STEP][PASSED] - closeBrowser(): Browser is closed

2023-05-27 18:04:56 - [MESSAGE][PASSED] - Browser is closed]]></system-out>
         <system-err><![CDATA[]]></system-err>
      </testcase>
      <testcase name="Test Cases/TC001- LoginTest" time="5.535" classname="Test Cases/TC001- LoginTest" status="PASSED">
         <system-out><![CDATA[2023-05-27 18:04:56 - [TEST_CASE][PASSED] - Test Cases/TC001- LoginTest: Test Cases/TC001- LoginTest

2023-05-27 18:04:56 - [TEST_STEP][PASSED] - openBrowser(""): Browser is opened with url: ''

2023-05-27 18:04:56 - [MESSAGE][INFO] - Starting 'Chrome' driver

2023-05-27 18:04:56 - [MESSAGE][INFO] - Action delay is set to 0 milliseconds

2023-05-27 18:04:59 - [MESSAGE][PASSED] - Browser is opened with url: ''

2023-05-27 18:04:59 - [TEST_STEP][PASSED] - navigateToUrl("https://www.saucedemo.com/"): Navigate to 'https://www.saucedemo.com/' successfully

2023-05-27 18:04:59 - [MESSAGE][PASSED] - Navigate to 'https://www.saucedemo.com/' successfully

2023-05-27 18:04:59 - [TEST_STEP][PASSED] - setText(findTestObject("Object Repository/TC001_LoginTest/Page_Swag Labs/input_Swag Labs_user-name"), Username): Text 'admin1' is set on object 'Object Repository/TC001_LoginTest/Page_Swag Labs/input_Swag Labs_user-name'

2023-05-27 18:05:00 - [MESSAGE][PASSED] - Text 'admin1' is set on object 'Object Repository/TC001_LoginTest/Page_Swag Labs/input_Swag Labs_user-name'

2023-05-27 18:05:00 - [TEST_STEP][PASSED] - setText(findTestObject("Object Repository/TC001_LoginTest/Page_Swag Labs/input_Swag Labs_password"), Password): Text 'testing1' is set on object 'Object Repository/TC001_LoginTest/Page_Swag Labs/input_Swag Labs_password'

2023-05-27 18:05:01 - [MESSAGE][PASSED] - Text 'testing1' is set on object 'Object Repository/TC001_LoginTest/Page_Swag Labs/input_Swag Labs_password'

2023-05-27 18:05:01 - [TEST_STEP][PASSED] - click(findTestObject("Object Repository/TC001_LoginTest/Page_Swag Labs/input_Swag Labs_login-button")): Object: 'Object Repository/TC001_LoginTest/Page_Swag Labs/input_Swag Labs_login-button' is clicked on

2023-05-27 18:05:02 - [MESSAGE][PASSED] - Object: 'Object Repository/TC001_LoginTest/Page_Swag Labs/input_Swag Labs_login-button' is clicked on

2023-05-27 18:05:02 - [TEST_STEP][PASSED] - closeBrowser(): Browser is closed

2023-05-27 18:05:02 - [MESSAGE][PASSED] - Browser is closed]]></system-out>
         <system-err><![CDATA[]]></system-err>
      </testcase>
      <system-out><![CDATA[2023-05-27 18:04:24 - [TEST_SUITE][PASSED] - LoginTest: Test Cases/TC001- LoginTest]]></system-out>
      <system-err><![CDATA[]]></system-err>
   </testsuite>
</testsuites>
