<?xml version="1.0" encoding="UTF-8"?>
<testsuites name="CheckoutTest" time="62.814" tests="3" failures="0" errors="0">
   <testsuite name="CheckoutTest" tests="3" failures="0" errors="0" time="62.814" skipped="0" timestamp="2023-05-27 19:25:46" hostname="sepdwita - sepdwitas-air" id="Test Suites/CheckoutTest">
      <properties>
         <property name="deviceName" value=""/>
         <property name="devicePlatform" value=""/>
         <property name="logFolder" value="/Users/cinte/git/datadriven_test/Reports/20230527_192542/CheckoutTest/20230527_192542"/>
         <property name="logFiles" value="/Users/cinte/git/datadriven_test/Reports/20230527_192542/CheckoutTest/20230527_192542/execution0.log"/>
         <property name="attachments" value=""/>
         <property name="hostName" value="sepdwita - sepdwitas-air"/>
         <property name="os" value="Mac OS X 64bit"/>
         <property name="katalonVersion" value="8.6.0.208"/>
         <property name="browser" value="Chrome 113.0.0.0"/>
         <property name="hostAddress" value="192.168.43.64"/>
         <property name="sessionId" value="3c46d9aa36fc23e2870e21b9b766c254"/>
         <property name="seleniumVersion" value="3.141.59"/>
         <property name="proxyInformation" value="ProxyInformation { proxyOption=NO_PROXY, proxyServerType=HTTP, username=, password=********, proxyServerAddress=, proxyServerPort=0, executionList=&quot;&quot;, isApplyToDesiredCapabilities=true }"/>
         <property name="platform" value="Mac OS X"/>
      </properties>
      <testcase name="Test Cases/TC005 - Checkout Item" time="32.14" classname="Test Cases/TC005 - Checkout Item" status="PASSED">
         <system-out><![CDATA[2023-05-27 19:25:47 - [TEST_CASE][PASSED] - Test Cases/TC005 - Checkout Item: Test Cases/TC005 - Checkout Item

2023-05-27 19:25:47 - [TEST_STEP][PASSED] - openBrowser(""): Browser is opened with url: ''

2023-05-27 19:25:48 - [MESSAGE][INFO] - Starting 'Chrome' driver

2023-05-27 19:25:48 - [MESSAGE][INFO] - Action delay is set to 0 milliseconds

2023-05-27 19:25:52 - [MESSAGE][PASSED] - Browser is opened with url: ''

2023-05-27 19:25:52 - [TEST_STEP][PASSED] - navigateToUrl("https://www.saucedemo.com/"): Navigate to 'https://www.saucedemo.com/' successfully

2023-05-27 19:26:10 - [MESSAGE][PASSED] - Navigate to 'https://www.saucedemo.com/' successfully

2023-05-27 19:26:10 - [TEST_STEP][PASSED] - setText(findTestObject("Object Repository/TC005_Checkout Item/Page_Swag Labs/input_Swag Labs_user-name"), "standard_user"): Text 'standard_user' is set on object 'Object Repository/TC005_Checkout Item/Page_Swag Labs/input_Swag Labs_user-name'

2023-05-27 19:26:11 - [MESSAGE][PASSED] - Text 'standard_user' is set on object 'Object Repository/TC005_Checkout Item/Page_Swag Labs/input_Swag Labs_user-name'

2023-05-27 19:26:11 - [TEST_STEP][PASSED] - setEncryptedText(findTestObject("Object Repository/TC005_Checkout Item/Page_Swag Labs/input_Swag Labs_password"), "qcu24s4901FyWDTwXGr6XA=="): Text ****** has been set on object 'Object Repository/TC005_Checkout Item/Page_Swag Labs/input_Swag Labs_password'

2023-05-27 19:26:12 - [MESSAGE][PASSED] - Text ****** has been set on object 'Object Repository/TC005_Checkout Item/Page_Swag Labs/input_Swag Labs_password'

2023-05-27 19:26:12 - [TEST_STEP][PASSED] - click(findTestObject("Object Repository/TC005_Checkout Item/Page_Swag Labs/input_Swag Labs_login-button")): Object: 'Object Repository/TC005_Checkout Item/Page_Swag Labs/input_Swag Labs_login-button' is clicked on

2023-05-27 19:26:12 - [MESSAGE][PASSED] - Object: 'Object Repository/TC005_Checkout Item/Page_Swag Labs/input_Swag Labs_login-button' is clicked on

2023-05-27 19:26:12 - [TEST_STEP][PASSED] - click(findTestObject("Object Repository/TC005_Checkout Item/Page_Swag Labs/button_Add to cart")): Object: 'Object Repository/TC005_Checkout Item/Page_Swag Labs/button_Add to cart' is clicked on

2023-05-27 19:26:13 - [MESSAGE][PASSED] - Object: 'Object Repository/TC005_Checkout Item/Page_Swag Labs/button_Add to cart' is clicked on

2023-05-27 19:26:13 - [TEST_STEP][PASSED] - click(findTestObject("Object Repository/TC005_Checkout Item/Page_Swag Labs/a_1")): Object: 'Object Repository/TC005_Checkout Item/Page_Swag Labs/a_1' is clicked on

2023-05-27 19:26:13 - [MESSAGE][PASSED] - Object: 'Object Repository/TC005_Checkout Item/Page_Swag Labs/a_1' is clicked on

2023-05-27 19:26:13 - [TEST_STEP][PASSED] - click(findTestObject("Object Repository/TC005_Checkout Item/Page_Swag Labs/button_Checkout")): Object: 'Object Repository/TC005_Checkout Item/Page_Swag Labs/button_Checkout' is clicked on

2023-05-27 19:26:14 - [MESSAGE][PASSED] - Object: 'Object Repository/TC005_Checkout Item/Page_Swag Labs/button_Checkout' is clicked on

2023-05-27 19:26:14 - [TEST_STEP][PASSED] - setText(findTestObject("Object Repository/TC005_Checkout Item/Page_Swag Labs/input_Checkout Your Information_firstName"), First_Name): Text 'Indah' is set on object 'Object Repository/TC005_Checkout Item/Page_Swag Labs/input_Checkout Your Information_firstName'

2023-05-27 19:26:15 - [MESSAGE][PASSED] - Text 'Indah' is set on object 'Object Repository/TC005_Checkout Item/Page_Swag Labs/input_Checkout Your Information_firstName'

2023-05-27 19:26:15 - [TEST_STEP][PASSED] - setText(findTestObject("Object Repository/TC005_Checkout Item/Page_Swag Labs/input_Checkout Your Information_lastName"), Last_Name): Text 'Mutiah' is set on object 'Object Repository/TC005_Checkout Item/Page_Swag Labs/input_Checkout Your Information_lastName'

2023-05-27 19:26:16 - [MESSAGE][PASSED] - Text 'Mutiah' is set on object 'Object Repository/TC005_Checkout Item/Page_Swag Labs/input_Checkout Your Information_lastName'

2023-05-27 19:26:16 - [TEST_STEP][PASSED] - setText(findTestObject("Object Repository/TC005_Checkout Item/Page_Swag Labs/input_Checkout Your Information_postalCode"), Postal_Code): Text '29100' is set on object 'Object Repository/TC005_Checkout Item/Page_Swag Labs/input_Checkout Your Information_postalCode'

2023-05-27 19:26:17 - [MESSAGE][PASSED] - Text '29100' is set on object 'Object Repository/TC005_Checkout Item/Page_Swag Labs/input_Checkout Your Information_postalCode'

2023-05-27 19:26:17 - [TEST_STEP][PASSED] - click(findTestObject("Object Repository/TC005_Checkout Item/Page_Swag Labs/input_Cancel_continue")): Object: 'Object Repository/TC005_Checkout Item/Page_Swag Labs/input_Cancel_continue' is clicked on

2023-05-27 19:26:17 - [MESSAGE][PASSED] - Object: 'Object Repository/TC005_Checkout Item/Page_Swag Labs/input_Cancel_continue' is clicked on

2023-05-27 19:26:17 - [TEST_STEP][PASSED] - click(findTestObject("Object Repository/TC005_Checkout Item/Page_Swag Labs/button_Finish")): Object: 'Object Repository/TC005_Checkout Item/Page_Swag Labs/button_Finish' is clicked on

2023-05-27 19:26:18 - [MESSAGE][PASSED] - Object: 'Object Repository/TC005_Checkout Item/Page_Swag Labs/button_Finish' is clicked on

2023-05-27 19:26:18 - [TEST_STEP][PASSED] - click(findTestObject("Object Repository/TC005_Checkout Item/Page_Swag Labs/button_Back Home")): Object: 'Object Repository/TC005_Checkout Item/Page_Swag Labs/button_Back Home' is clicked on

2023-05-27 19:26:18 - [MESSAGE][PASSED] - Object: 'Object Repository/TC005_Checkout Item/Page_Swag Labs/button_Back Home' is clicked on

2023-05-27 19:26:18 - [TEST_STEP][PASSED] - closeBrowser(): Browser is closed

2023-05-27 19:26:19 - [MESSAGE][PASSED] - Browser is closed]]></system-out>
         <system-err><![CDATA[]]></system-err>
      </testcase>
      <testcase name="Test Cases/TC005 - Checkout Item" time="14.692" classname="Test Cases/TC005 - Checkout Item" status="PASSED">
         <system-out><![CDATA[2023-05-27 19:26:19 - [TEST_CASE][PASSED] - Test Cases/TC005 - Checkout Item: Test Cases/TC005 - Checkout Item

2023-05-27 19:26:19 - [TEST_STEP][PASSED] - openBrowser(""): Browser is opened with url: ''

2023-05-27 19:26:19 - [MESSAGE][INFO] - Starting 'Chrome' driver

2023-05-27 19:26:19 - [MESSAGE][INFO] - Action delay is set to 0 milliseconds

2023-05-27 19:26:22 - [MESSAGE][PASSED] - Browser is opened with url: ''

2023-05-27 19:26:22 - [TEST_STEP][PASSED] - navigateToUrl("https://www.saucedemo.com/"): Navigate to 'https://www.saucedemo.com/' successfully

2023-05-27 19:26:25 - [MESSAGE][PASSED] - Navigate to 'https://www.saucedemo.com/' successfully

2023-05-27 19:26:25 - [TEST_STEP][PASSED] - setText(findTestObject("Object Repository/TC005_Checkout Item/Page_Swag Labs/input_Swag Labs_user-name"), "standard_user"): Text 'standard_user' is set on object 'Object Repository/TC005_Checkout Item/Page_Swag Labs/input_Swag Labs_user-name'

2023-05-27 19:26:26 - [MESSAGE][PASSED] - Text 'standard_user' is set on object 'Object Repository/TC005_Checkout Item/Page_Swag Labs/input_Swag Labs_user-name'

2023-05-27 19:26:26 - [TEST_STEP][PASSED] - setEncryptedText(findTestObject("Object Repository/TC005_Checkout Item/Page_Swag Labs/input_Swag Labs_password"), "qcu24s4901FyWDTwXGr6XA=="): Text ****** has been set on object 'Object Repository/TC005_Checkout Item/Page_Swag Labs/input_Swag Labs_password'

2023-05-27 19:26:27 - [MESSAGE][PASSED] - Text ****** has been set on object 'Object Repository/TC005_Checkout Item/Page_Swag Labs/input_Swag Labs_password'

2023-05-27 19:26:27 - [TEST_STEP][PASSED] - click(findTestObject("Object Repository/TC005_Checkout Item/Page_Swag Labs/input_Swag Labs_login-button")): Object: 'Object Repository/TC005_Checkout Item/Page_Swag Labs/input_Swag Labs_login-button' is clicked on

2023-05-27 19:26:27 - [MESSAGE][PASSED] - Object: 'Object Repository/TC005_Checkout Item/Page_Swag Labs/input_Swag Labs_login-button' is clicked on

2023-05-27 19:26:27 - [TEST_STEP][PASSED] - click(findTestObject("Object Repository/TC005_Checkout Item/Page_Swag Labs/button_Add to cart")): Object: 'Object Repository/TC005_Checkout Item/Page_Swag Labs/button_Add to cart' is clicked on

2023-05-27 19:26:28 - [MESSAGE][PASSED] - Object: 'Object Repository/TC005_Checkout Item/Page_Swag Labs/button_Add to cart' is clicked on

2023-05-27 19:26:28 - [TEST_STEP][PASSED] - click(findTestObject("Object Repository/TC005_Checkout Item/Page_Swag Labs/a_1")): Object: 'Object Repository/TC005_Checkout Item/Page_Swag Labs/a_1' is clicked on

2023-05-27 19:26:28 - [MESSAGE][PASSED] - Object: 'Object Repository/TC005_Checkout Item/Page_Swag Labs/a_1' is clicked on

2023-05-27 19:26:28 - [TEST_STEP][PASSED] - click(findTestObject("Object Repository/TC005_Checkout Item/Page_Swag Labs/button_Checkout")): Object: 'Object Repository/TC005_Checkout Item/Page_Swag Labs/button_Checkout' is clicked on

2023-05-27 19:26:29 - [MESSAGE][PASSED] - Object: 'Object Repository/TC005_Checkout Item/Page_Swag Labs/button_Checkout' is clicked on

2023-05-27 19:26:29 - [TEST_STEP][PASSED] - setText(findTestObject("Object Repository/TC005_Checkout Item/Page_Swag Labs/input_Checkout Your Information_firstName"), First_Name): Text 'Imut' is set on object 'Object Repository/TC005_Checkout Item/Page_Swag Labs/input_Checkout Your Information_firstName'

2023-05-27 19:26:30 - [MESSAGE][PASSED] - Text 'Imut' is set on object 'Object Repository/TC005_Checkout Item/Page_Swag Labs/input_Checkout Your Information_firstName'

2023-05-27 19:26:30 - [TEST_STEP][PASSED] - setText(findTestObject("Object Repository/TC005_Checkout Item/Page_Swag Labs/input_Checkout Your Information_lastName"), Last_Name): Text 'MZ' is set on object 'Object Repository/TC005_Checkout Item/Page_Swag Labs/input_Checkout Your Information_lastName'

2023-05-27 19:26:31 - [MESSAGE][PASSED] - Text 'MZ' is set on object 'Object Repository/TC005_Checkout Item/Page_Swag Labs/input_Checkout Your Information_lastName'

2023-05-27 19:26:31 - [TEST_STEP][PASSED] - setText(findTestObject("Object Repository/TC005_Checkout Item/Page_Swag Labs/input_Checkout Your Information_postalCode"), Postal_Code): Text '23120' is set on object 'Object Repository/TC005_Checkout Item/Page_Swag Labs/input_Checkout Your Information_postalCode'

2023-05-27 19:26:32 - [MESSAGE][PASSED] - Text '23120' is set on object 'Object Repository/TC005_Checkout Item/Page_Swag Labs/input_Checkout Your Information_postalCode'

2023-05-27 19:26:32 - [TEST_STEP][PASSED] - click(findTestObject("Object Repository/TC005_Checkout Item/Page_Swag Labs/input_Cancel_continue")): Object: 'Object Repository/TC005_Checkout Item/Page_Swag Labs/input_Cancel_continue' is clicked on

2023-05-27 19:26:32 - [MESSAGE][PASSED] - Object: 'Object Repository/TC005_Checkout Item/Page_Swag Labs/input_Cancel_continue' is clicked on

2023-05-27 19:26:32 - [TEST_STEP][PASSED] - click(findTestObject("Object Repository/TC005_Checkout Item/Page_Swag Labs/button_Finish")): Object: 'Object Repository/TC005_Checkout Item/Page_Swag Labs/button_Finish' is clicked on

2023-05-27 19:26:33 - [MESSAGE][PASSED] - Object: 'Object Repository/TC005_Checkout Item/Page_Swag Labs/button_Finish' is clicked on

2023-05-27 19:26:33 - [TEST_STEP][PASSED] - click(findTestObject("Object Repository/TC005_Checkout Item/Page_Swag Labs/button_Back Home")): Object: 'Object Repository/TC005_Checkout Item/Page_Swag Labs/button_Back Home' is clicked on

2023-05-27 19:26:33 - [MESSAGE][PASSED] - Object: 'Object Repository/TC005_Checkout Item/Page_Swag Labs/button_Back Home' is clicked on

2023-05-27 19:26:33 - [TEST_STEP][PASSED] - closeBrowser(): Browser is closed

2023-05-27 19:26:33 - [MESSAGE][PASSED] - Browser is closed]]></system-out>
         <system-err><![CDATA[]]></system-err>
      </testcase>
      <testcase name="Test Cases/TC005 - Checkout Item" time="15.184" classname="Test Cases/TC005 - Checkout Item" status="PASSED">
         <system-out><![CDATA[2023-05-27 19:26:34 - [TEST_CASE][PASSED] - Test Cases/TC005 - Checkout Item: Test Cases/TC005 - Checkout Item

2023-05-27 19:26:34 - [TEST_STEP][PASSED] - openBrowser(""): Browser is opened with url: ''

2023-05-27 19:26:34 - [MESSAGE][INFO] - Starting 'Chrome' driver

2023-05-27 19:26:34 - [MESSAGE][INFO] - Action delay is set to 0 milliseconds

2023-05-27 19:26:36 - [MESSAGE][PASSED] - Browser is opened with url: ''

2023-05-27 19:26:36 - [TEST_STEP][PASSED] - navigateToUrl("https://www.saucedemo.com/"): Navigate to 'https://www.saucedemo.com/' successfully

2023-05-27 19:26:41 - [MESSAGE][PASSED] - Navigate to 'https://www.saucedemo.com/' successfully

2023-05-27 19:26:41 - [TEST_STEP][PASSED] - setText(findTestObject("Object Repository/TC005_Checkout Item/Page_Swag Labs/input_Swag Labs_user-name"), "standard_user"): Text 'standard_user' is set on object 'Object Repository/TC005_Checkout Item/Page_Swag Labs/input_Swag Labs_user-name'

2023-05-27 19:26:42 - [MESSAGE][PASSED] - Text 'standard_user' is set on object 'Object Repository/TC005_Checkout Item/Page_Swag Labs/input_Swag Labs_user-name'

2023-05-27 19:26:42 - [TEST_STEP][PASSED] - setEncryptedText(findTestObject("Object Repository/TC005_Checkout Item/Page_Swag Labs/input_Swag Labs_password"), "qcu24s4901FyWDTwXGr6XA=="): Text ****** has been set on object 'Object Repository/TC005_Checkout Item/Page_Swag Labs/input_Swag Labs_password'

2023-05-27 19:26:42 - [MESSAGE][PASSED] - Text ****** has been set on object 'Object Repository/TC005_Checkout Item/Page_Swag Labs/input_Swag Labs_password'

2023-05-27 19:26:42 - [TEST_STEP][PASSED] - click(findTestObject("Object Repository/TC005_Checkout Item/Page_Swag Labs/input_Swag Labs_login-button")): Object: 'Object Repository/TC005_Checkout Item/Page_Swag Labs/input_Swag Labs_login-button' is clicked on

2023-05-27 19:26:43 - [MESSAGE][PASSED] - Object: 'Object Repository/TC005_Checkout Item/Page_Swag Labs/input_Swag Labs_login-button' is clicked on

2023-05-27 19:26:43 - [TEST_STEP][PASSED] - click(findTestObject("Object Repository/TC005_Checkout Item/Page_Swag Labs/button_Add to cart")): Object: 'Object Repository/TC005_Checkout Item/Page_Swag Labs/button_Add to cart' is clicked on

2023-05-27 19:26:43 - [MESSAGE][PASSED] - Object: 'Object Repository/TC005_Checkout Item/Page_Swag Labs/button_Add to cart' is clicked on

2023-05-27 19:26:43 - [TEST_STEP][PASSED] - click(findTestObject("Object Repository/TC005_Checkout Item/Page_Swag Labs/a_1")): Object: 'Object Repository/TC005_Checkout Item/Page_Swag Labs/a_1' is clicked on

2023-05-27 19:26:44 - [MESSAGE][PASSED] - Object: 'Object Repository/TC005_Checkout Item/Page_Swag Labs/a_1' is clicked on

2023-05-27 19:26:44 - [TEST_STEP][PASSED] - click(findTestObject("Object Repository/TC005_Checkout Item/Page_Swag Labs/button_Checkout")): Object: 'Object Repository/TC005_Checkout Item/Page_Swag Labs/button_Checkout' is clicked on

2023-05-27 19:26:44 - [MESSAGE][PASSED] - Object: 'Object Repository/TC005_Checkout Item/Page_Swag Labs/button_Checkout' is clicked on

2023-05-27 19:26:44 - [TEST_STEP][PASSED] - setText(findTestObject("Object Repository/TC005_Checkout Item/Page_Swag Labs/input_Checkout Your Information_firstName"), First_Name): Text 'hacki' is set on object 'Object Repository/TC005_Checkout Item/Page_Swag Labs/input_Checkout Your Information_firstName'

2023-05-27 19:26:45 - [MESSAGE][PASSED] - Text 'hacki' is set on object 'Object Repository/TC005_Checkout Item/Page_Swag Labs/input_Checkout Your Information_firstName'

2023-05-27 19:26:45 - [TEST_STEP][PASSED] - setText(findTestObject("Object Repository/TC005_Checkout Item/Page_Swag Labs/input_Checkout Your Information_lastName"), Last_Name): Text 'Brown' is set on object 'Object Repository/TC005_Checkout Item/Page_Swag Labs/input_Checkout Your Information_lastName'

2023-05-27 19:26:46 - [MESSAGE][PASSED] - Text 'Brown' is set on object 'Object Repository/TC005_Checkout Item/Page_Swag Labs/input_Checkout Your Information_lastName'

2023-05-27 19:26:46 - [TEST_STEP][PASSED] - setText(findTestObject("Object Repository/TC005_Checkout Item/Page_Swag Labs/input_Checkout Your Information_postalCode"), Postal_Code): Text '11203' is set on object 'Object Repository/TC005_Checkout Item/Page_Swag Labs/input_Checkout Your Information_postalCode'

2023-05-27 19:26:47 - [MESSAGE][PASSED] - Text '11203' is set on object 'Object Repository/TC005_Checkout Item/Page_Swag Labs/input_Checkout Your Information_postalCode'

2023-05-27 19:26:47 - [TEST_STEP][PASSED] - click(findTestObject("Object Repository/TC005_Checkout Item/Page_Swag Labs/input_Cancel_continue")): Object: 'Object Repository/TC005_Checkout Item/Page_Swag Labs/input_Cancel_continue' is clicked on

2023-05-27 19:26:47 - [MESSAGE][PASSED] - Object: 'Object Repository/TC005_Checkout Item/Page_Swag Labs/input_Cancel_continue' is clicked on

2023-05-27 19:26:47 - [TEST_STEP][PASSED] - click(findTestObject("Object Repository/TC005_Checkout Item/Page_Swag Labs/button_Finish")): Object: 'Object Repository/TC005_Checkout Item/Page_Swag Labs/button_Finish' is clicked on

2023-05-27 19:26:48 - [MESSAGE][PASSED] - Object: 'Object Repository/TC005_Checkout Item/Page_Swag Labs/button_Finish' is clicked on

2023-05-27 19:26:48 - [TEST_STEP][PASSED] - click(findTestObject("Object Repository/TC005_Checkout Item/Page_Swag Labs/button_Back Home")): Object: 'Object Repository/TC005_Checkout Item/Page_Swag Labs/button_Back Home' is clicked on

2023-05-27 19:26:48 - [MESSAGE][PASSED] - Object: 'Object Repository/TC005_Checkout Item/Page_Swag Labs/button_Back Home' is clicked on

2023-05-27 19:26:49 - [TEST_STEP][PASSED] - closeBrowser(): Browser is closed

2023-05-27 19:26:49 - [MESSAGE][PASSED] - Browser is closed]]></system-out>
         <system-err><![CDATA[]]></system-err>
      </testcase>
      <system-out><![CDATA[2023-05-27 19:25:46 - [TEST_SUITE][PASSED] - CheckoutTest: Test Cases/TC005 - Checkout Item]]></system-out>
      <system-err><![CDATA[]]></system-err>
   </testsuite>
</testsuites>
