<?xml version="1.0" encoding="UTF-8"?>
<testsuites name="LoginTest" time="64.145" tests="10" failures="0" errors="0">
   <testsuite name="LoginTest" tests="10" failures="0" errors="0" time="64.145" skipped="0" timestamp="2023-05-27 18:16:18" hostname="sepdwita - sepdwitas-air" id="Test Suites/LoginTest">
      <properties>
         <property name="deviceName" value=""/>
         <property name="devicePlatform" value=""/>
         <property name="logFolder" value="/Users/cinte/git/datadriven_test/Reports/20230527_181615/LoginTest/20230527_181615"/>
         <property name="logFiles" value="/Users/cinte/git/datadriven_test/Reports/20230527_181615/LoginTest/20230527_181615/execution0.log"/>
         <property name="attachments" value=""/>
         <property name="hostName" value="sepdwita - sepdwitas-air"/>
         <property name="os" value="Mac OS X 64bit"/>
         <property name="katalonVersion" value="8.6.0.208"/>
         <property name="browser" value="Chrome 113.0.0.0"/>
         <property name="hostAddress" value="192.168.0.166"/>
         <property name="sessionId" value="ba5bd157ac22da1a5ac4cd0a3955d7c1"/>
         <property name="seleniumVersion" value="3.141.59"/>
         <property name="proxyInformation" value="ProxyInformation { proxyOption=NO_PROXY, proxyServerType=HTTP, username=, password=********, proxyServerAddress=, proxyServerPort=0, executionList=&quot;&quot;, isApplyToDesiredCapabilities=true }"/>
         <property name="platform" value="Mac OS X"/>
      </properties>
      <testcase name="Test Cases/TC001- LoginTest" time="10.064" classname="Test Cases/TC001- LoginTest" status="PASSED">
         <system-out><![CDATA[2023-05-27 18:16:19 - [TEST_CASE][PASSED] - Test Cases/TC001- LoginTest: Test Cases/TC001- LoginTest

2023-05-27 18:16:20 - [TEST_STEP][PASSED] - openBrowser(""): Browser is opened with url: ''

2023-05-27 18:16:20 - [MESSAGE][INFO] - Starting 'Chrome' driver

2023-05-27 18:16:20 - [MESSAGE][INFO] - Action delay is set to 0 milliseconds

2023-05-27 18:16:25 - [MESSAGE][PASSED] - Browser is opened with url: ''

2023-05-27 18:16:25 - [TEST_STEP][PASSED] - navigateToUrl("https://www.saucedemo.com/"): Navigate to 'https://www.saucedemo.com/' successfully

2023-05-27 18:16:26 - [MESSAGE][PASSED] - Navigate to 'https://www.saucedemo.com/' successfully

2023-05-27 18:16:26 - [TEST_STEP][PASSED] - setText(findTestObject("Object Repository/TC001_LoginTest/Page_Swag Labs/input_Swag Labs_user-name"), Username): Text 'standard_user' is set on object 'Object Repository/TC001_LoginTest/Page_Swag Labs/input_Swag Labs_user-name'

2023-05-27 18:16:27 - [MESSAGE][PASSED] - Text 'standard_user' is set on object 'Object Repository/TC001_LoginTest/Page_Swag Labs/input_Swag Labs_user-name'

2023-05-27 18:16:27 - [TEST_STEP][PASSED] - setText(findTestObject("Object Repository/TC001_LoginTest/Page_Swag Labs/input_Swag Labs_password"), Password): Text 'secret_sauce' is set on object 'Object Repository/TC001_LoginTest/Page_Swag Labs/input_Swag Labs_password'

2023-05-27 18:16:28 - [MESSAGE][PASSED] - Text 'secret_sauce' is set on object 'Object Repository/TC001_LoginTest/Page_Swag Labs/input_Swag Labs_password'

2023-05-27 18:16:28 - [TEST_STEP][PASSED] - click(findTestObject("Object Repository/TC001_LoginTest/Page_Swag Labs/input_Swag Labs_login-button")): Object: 'Object Repository/TC001_LoginTest/Page_Swag Labs/input_Swag Labs_login-button' is clicked on

2023-05-27 18:16:29 - [MESSAGE][PASSED] - Object: 'Object Repository/TC001_LoginTest/Page_Swag Labs/input_Swag Labs_login-button' is clicked on

2023-05-27 18:16:29 - [TEST_STEP][PASSED] - closeBrowser(): Browser is closed

2023-05-27 18:16:29 - [MESSAGE][PASSED] - Browser is closed]]></system-out>
         <system-err><![CDATA[]]></system-err>
      </testcase>
      <testcase name="Test Cases/TC001- LoginTest" time="6.043" classname="Test Cases/TC001- LoginTest" status="PASSED">
         <system-out><![CDATA[2023-05-27 18:16:29 - [TEST_CASE][PASSED] - Test Cases/TC001- LoginTest: Test Cases/TC001- LoginTest

2023-05-27 18:16:29 - [TEST_STEP][PASSED] - openBrowser(""): Browser is opened with url: ''

2023-05-27 18:16:29 - [MESSAGE][INFO] - Starting 'Chrome' driver

2023-05-27 18:16:29 - [MESSAGE][INFO] - Action delay is set to 0 milliseconds

2023-05-27 18:16:32 - [MESSAGE][PASSED] - Browser is opened with url: ''

2023-05-27 18:16:32 - [TEST_STEP][PASSED] - navigateToUrl("https://www.saucedemo.com/"): Navigate to 'https://www.saucedemo.com/' successfully

2023-05-27 18:16:32 - [MESSAGE][PASSED] - Navigate to 'https://www.saucedemo.com/' successfully

2023-05-27 18:16:32 - [TEST_STEP][PASSED] - setText(findTestObject("Object Repository/TC001_LoginTest/Page_Swag Labs/input_Swag Labs_user-name"), Username): Text 'problem_user' is set on object 'Object Repository/TC001_LoginTest/Page_Swag Labs/input_Swag Labs_user-name'

2023-05-27 18:16:33 - [MESSAGE][PASSED] - Text 'problem_user' is set on object 'Object Repository/TC001_LoginTest/Page_Swag Labs/input_Swag Labs_user-name'

2023-05-27 18:16:33 - [TEST_STEP][PASSED] - setText(findTestObject("Object Repository/TC001_LoginTest/Page_Swag Labs/input_Swag Labs_password"), Password): Text 'secret_sauce' is set on object 'Object Repository/TC001_LoginTest/Page_Swag Labs/input_Swag Labs_password'

2023-05-27 18:16:34 - [MESSAGE][PASSED] - Text 'secret_sauce' is set on object 'Object Repository/TC001_LoginTest/Page_Swag Labs/input_Swag Labs_password'

2023-05-27 18:16:34 - [TEST_STEP][PASSED] - click(findTestObject("Object Repository/TC001_LoginTest/Page_Swag Labs/input_Swag Labs_login-button")): Object: 'Object Repository/TC001_LoginTest/Page_Swag Labs/input_Swag Labs_login-button' is clicked on

2023-05-27 18:16:35 - [MESSAGE][PASSED] - Object: 'Object Repository/TC001_LoginTest/Page_Swag Labs/input_Swag Labs_login-button' is clicked on

2023-05-27 18:16:35 - [TEST_STEP][PASSED] - closeBrowser(): Browser is closed

2023-05-27 18:16:35 - [MESSAGE][PASSED] - Browser is closed]]></system-out>
         <system-err><![CDATA[]]></system-err>
      </testcase>
      <testcase name="Test Cases/TC001- LoginTest" time="11.254" classname="Test Cases/TC001- LoginTest" status="PASSED">
         <system-out><![CDATA[2023-05-27 18:16:35 - [TEST_CASE][PASSED] - Test Cases/TC001- LoginTest: Test Cases/TC001- LoginTest

2023-05-27 18:16:35 - [TEST_STEP][PASSED] - openBrowser(""): Browser is opened with url: ''

2023-05-27 18:16:35 - [MESSAGE][INFO] - Starting 'Chrome' driver

2023-05-27 18:16:35 - [MESSAGE][INFO] - Action delay is set to 0 milliseconds

2023-05-27 18:16:38 - [MESSAGE][PASSED] - Browser is opened with url: ''

2023-05-27 18:16:38 - [TEST_STEP][PASSED] - navigateToUrl("https://www.saucedemo.com/"): Navigate to 'https://www.saucedemo.com/' successfully

2023-05-27 18:16:39 - [MESSAGE][PASSED] - Navigate to 'https://www.saucedemo.com/' successfully

2023-05-27 18:16:39 - [TEST_STEP][PASSED] - setText(findTestObject("Object Repository/TC001_LoginTest/Page_Swag Labs/input_Swag Labs_user-name"), Username): Text 'performance_glitch_user' is set on object 'Object Repository/TC001_LoginTest/Page_Swag Labs/input_Swag Labs_user-name'

2023-05-27 18:16:40 - [MESSAGE][PASSED] - Text 'performance_glitch_user' is set on object 'Object Repository/TC001_LoginTest/Page_Swag Labs/input_Swag Labs_user-name'

2023-05-27 18:16:40 - [TEST_STEP][PASSED] - setText(findTestObject("Object Repository/TC001_LoginTest/Page_Swag Labs/input_Swag Labs_password"), Password): Text 'secret_sauce' is set on object 'Object Repository/TC001_LoginTest/Page_Swag Labs/input_Swag Labs_password'

2023-05-27 18:16:41 - [MESSAGE][PASSED] - Text 'secret_sauce' is set on object 'Object Repository/TC001_LoginTest/Page_Swag Labs/input_Swag Labs_password'

2023-05-27 18:16:41 - [TEST_STEP][PASSED] - click(findTestObject("Object Repository/TC001_LoginTest/Page_Swag Labs/input_Swag Labs_login-button")): Object: 'Object Repository/TC001_LoginTest/Page_Swag Labs/input_Swag Labs_login-button' is clicked on

2023-05-27 18:16:46 - [MESSAGE][PASSED] - Object: 'Object Repository/TC001_LoginTest/Page_Swag Labs/input_Swag Labs_login-button' is clicked on

2023-05-27 18:16:46 - [TEST_STEP][PASSED] - closeBrowser(): Browser is closed

2023-05-27 18:16:46 - [MESSAGE][PASSED] - Browser is closed]]></system-out>
         <system-err><![CDATA[]]></system-err>
      </testcase>
      <testcase name="Test Cases/TC001- LoginTest" time="5.678" classname="Test Cases/TC001- LoginTest" status="PASSED">
         <system-out><![CDATA[2023-05-27 18:16:47 - [TEST_CASE][PASSED] - Test Cases/TC001- LoginTest: Test Cases/TC001- LoginTest

2023-05-27 18:16:47 - [TEST_STEP][PASSED] - openBrowser(""): Browser is opened with url: ''

2023-05-27 18:16:47 - [MESSAGE][INFO] - Starting 'Chrome' driver

2023-05-27 18:16:47 - [MESSAGE][INFO] - Action delay is set to 0 milliseconds

2023-05-27 18:16:49 - [MESSAGE][PASSED] - Browser is opened with url: ''

2023-05-27 18:16:49 - [TEST_STEP][PASSED] - navigateToUrl("https://www.saucedemo.com/"): Navigate to 'https://www.saucedemo.com/' successfully

2023-05-27 18:16:50 - [MESSAGE][PASSED] - Navigate to 'https://www.saucedemo.com/' successfully

2023-05-27 18:16:50 - [TEST_STEP][PASSED] - setText(findTestObject("Object Repository/TC001_LoginTest/Page_Swag Labs/input_Swag Labs_user-name"), Username): Text 'locked_out_user' is set on object 'Object Repository/TC001_LoginTest/Page_Swag Labs/input_Swag Labs_user-name'

2023-05-27 18:16:51 - [MESSAGE][PASSED] - Text 'locked_out_user' is set on object 'Object Repository/TC001_LoginTest/Page_Swag Labs/input_Swag Labs_user-name'

2023-05-27 18:16:51 - [TEST_STEP][PASSED] - setText(findTestObject("Object Repository/TC001_LoginTest/Page_Swag Labs/input_Swag Labs_password"), Password): Text 'secret_sauce' is set on object 'Object Repository/TC001_LoginTest/Page_Swag Labs/input_Swag Labs_password'

2023-05-27 18:16:52 - [MESSAGE][PASSED] - Text 'secret_sauce' is set on object 'Object Repository/TC001_LoginTest/Page_Swag Labs/input_Swag Labs_password'

2023-05-27 18:16:52 - [TEST_STEP][PASSED] - click(findTestObject("Object Repository/TC001_LoginTest/Page_Swag Labs/input_Swag Labs_login-button")): Object: 'Object Repository/TC001_LoginTest/Page_Swag Labs/input_Swag Labs_login-button' is clicked on

2023-05-27 18:16:52 - [MESSAGE][PASSED] - Object: 'Object Repository/TC001_LoginTest/Page_Swag Labs/input_Swag Labs_login-button' is clicked on

2023-05-27 18:16:52 - [TEST_STEP][PASSED] - closeBrowser(): Browser is closed

2023-05-27 18:16:52 - [MESSAGE][PASSED] - Browser is closed]]></system-out>
         <system-err><![CDATA[]]></system-err>
      </testcase>
      <testcase name="Test Cases/TC001- LoginTest" time="5.666" classname="Test Cases/TC001- LoginTest" status="PASSED">
         <system-out><![CDATA[2023-05-27 18:16:52 - [TEST_CASE][PASSED] - Test Cases/TC001- LoginTest: Test Cases/TC001- LoginTest

2023-05-27 18:16:52 - [TEST_STEP][PASSED] - openBrowser(""): Browser is opened with url: ''

2023-05-27 18:16:52 - [MESSAGE][INFO] - Starting 'Chrome' driver

2023-05-27 18:16:52 - [MESSAGE][INFO] - Action delay is set to 0 milliseconds

2023-05-27 18:16:55 - [MESSAGE][PASSED] - Browser is opened with url: ''

2023-05-27 18:16:55 - [TEST_STEP][PASSED] - navigateToUrl("https://www.saucedemo.com/"): Navigate to 'https://www.saucedemo.com/' successfully

2023-05-27 18:16:55 - [MESSAGE][PASSED] - Navigate to 'https://www.saucedemo.com/' successfully

2023-05-27 18:16:55 - [TEST_STEP][PASSED] - setText(findTestObject("Object Repository/TC001_LoginTest/Page_Swag Labs/input_Swag Labs_user-name"), Username): Text 'admin1' is set on object 'Object Repository/TC001_LoginTest/Page_Swag Labs/input_Swag Labs_user-name'

2023-05-27 18:16:56 - [MESSAGE][PASSED] - Text 'admin1' is set on object 'Object Repository/TC001_LoginTest/Page_Swag Labs/input_Swag Labs_user-name'

2023-05-27 18:16:56 - [TEST_STEP][PASSED] - setText(findTestObject("Object Repository/TC001_LoginTest/Page_Swag Labs/input_Swag Labs_password"), Password): Text 'testing1' is set on object 'Object Repository/TC001_LoginTest/Page_Swag Labs/input_Swag Labs_password'

2023-05-27 18:16:57 - [MESSAGE][PASSED] - Text 'testing1' is set on object 'Object Repository/TC001_LoginTest/Page_Swag Labs/input_Swag Labs_password'

2023-05-27 18:16:57 - [TEST_STEP][PASSED] - click(findTestObject("Object Repository/TC001_LoginTest/Page_Swag Labs/input_Swag Labs_login-button")): Object: 'Object Repository/TC001_LoginTest/Page_Swag Labs/input_Swag Labs_login-button' is clicked on

2023-05-27 18:16:58 - [MESSAGE][PASSED] - Object: 'Object Repository/TC001_LoginTest/Page_Swag Labs/input_Swag Labs_login-button' is clicked on

2023-05-27 18:16:58 - [TEST_STEP][PASSED] - closeBrowser(): Browser is closed

2023-05-27 18:16:58 - [MESSAGE][PASSED] - Browser is closed]]></system-out>
         <system-err><![CDATA[]]></system-err>
      </testcase>
      <testcase name="Test Cases/TC002 - UsernameNull" time="5.508" classname="Test Cases/TC002 - UsernameNull" status="PASSED">
         <system-out><![CDATA[2023-05-27 18:16:58 - [TEST_CASE][PASSED] - Test Cases/TC002 - UsernameNull: Test Cases/TC002 - UsernameNull

2023-05-27 18:16:58 - [TEST_STEP][PASSED] - openBrowser(""): Browser is opened with url: ''

2023-05-27 18:16:58 - [MESSAGE][INFO] - Starting 'Chrome' driver

2023-05-27 18:16:58 - [MESSAGE][INFO] - Action delay is set to 0 milliseconds

2023-05-27 18:17:01 - [MESSAGE][PASSED] - Browser is opened with url: ''

2023-05-27 18:17:01 - [TEST_STEP][PASSED] - navigateToUrl("https://www.saucedemo.com/"): Navigate to 'https://www.saucedemo.com/' successfully

2023-05-27 18:17:01 - [MESSAGE][PASSED] - Navigate to 'https://www.saucedemo.com/' successfully

2023-05-27 18:17:01 - [TEST_STEP][PASSED] - setText(findTestObject("Object Repository/TC002_UsernameNull/Page_Swag Labs/input_Swag Labs_password"), Password): Text 'secret_sauce' is set on object 'Object Repository/TC002_UsernameNull/Page_Swag Labs/input_Swag Labs_password'

2023-05-27 18:17:03 - [MESSAGE][PASSED] - Text 'secret_sauce' is set on object 'Object Repository/TC002_UsernameNull/Page_Swag Labs/input_Swag Labs_password'

2023-05-27 18:17:03 - [TEST_STEP][PASSED] - click(findTestObject("Object Repository/TC002_UsernameNull/Page_Swag Labs/input_Swag Labs_login-button")): Object: 'Object Repository/TC002_UsernameNull/Page_Swag Labs/input_Swag Labs_login-button' is clicked on

2023-05-27 18:17:03 - [MESSAGE][PASSED] - Object: 'Object Repository/TC002_UsernameNull/Page_Swag Labs/input_Swag Labs_login-button' is clicked on

2023-05-27 18:17:03 - [TEST_STEP][PASSED] - closeBrowser(): Browser is closed

2023-05-27 18:17:03 - [MESSAGE][PASSED] - Browser is closed]]></system-out>
         <system-err><![CDATA[]]></system-err>
      </testcase>
      <testcase name="Test Cases/TC002 - UsernameNull" time="4.854" classname="Test Cases/TC002 - UsernameNull" status="PASSED">
         <system-out><![CDATA[2023-05-27 18:17:03 - [TEST_CASE][PASSED] - Test Cases/TC002 - UsernameNull: Test Cases/TC002 - UsernameNull

2023-05-27 18:17:04 - [TEST_STEP][PASSED] - openBrowser(""): Browser is opened with url: ''

2023-05-27 18:17:04 - [MESSAGE][INFO] - Starting 'Chrome' driver

2023-05-27 18:17:04 - [MESSAGE][INFO] - Action delay is set to 0 milliseconds

2023-05-27 18:17:06 - [MESSAGE][PASSED] - Browser is opened with url: ''

2023-05-27 18:17:06 - [TEST_STEP][PASSED] - navigateToUrl("https://www.saucedemo.com/"): Navigate to 'https://www.saucedemo.com/' successfully

2023-05-27 18:17:06 - [MESSAGE][PASSED] - Navigate to 'https://www.saucedemo.com/' successfully

2023-05-27 18:17:06 - [TEST_STEP][PASSED] - setText(findTestObject("Object Repository/TC002_UsernameNull/Page_Swag Labs/input_Swag Labs_password"), Password): Text 'secret_sauce' is set on object 'Object Repository/TC002_UsernameNull/Page_Swag Labs/input_Swag Labs_password'

2023-05-27 18:17:08 - [MESSAGE][PASSED] - Text 'secret_sauce' is set on object 'Object Repository/TC002_UsernameNull/Page_Swag Labs/input_Swag Labs_password'

2023-05-27 18:17:08 - [TEST_STEP][PASSED] - click(findTestObject("Object Repository/TC002_UsernameNull/Page_Swag Labs/input_Swag Labs_login-button")): Object: 'Object Repository/TC002_UsernameNull/Page_Swag Labs/input_Swag Labs_login-button' is clicked on

2023-05-27 18:17:08 - [MESSAGE][PASSED] - Object: 'Object Repository/TC002_UsernameNull/Page_Swag Labs/input_Swag Labs_login-button' is clicked on

2023-05-27 18:17:08 - [TEST_STEP][PASSED] - closeBrowser(): Browser is closed

2023-05-27 18:17:08 - [MESSAGE][PASSED] - Browser is closed]]></system-out>
         <system-err><![CDATA[]]></system-err>
      </testcase>
      <testcase name="Test Cases/TC002 - UsernameNull" time="4.797" classname="Test Cases/TC002 - UsernameNull" status="PASSED">
         <system-out><![CDATA[2023-05-27 18:17:08 - [TEST_CASE][PASSED] - Test Cases/TC002 - UsernameNull: Test Cases/TC002 - UsernameNull

2023-05-27 18:17:08 - [TEST_STEP][PASSED] - openBrowser(""): Browser is opened with url: ''

2023-05-27 18:17:08 - [MESSAGE][INFO] - Starting 'Chrome' driver

2023-05-27 18:17:08 - [MESSAGE][INFO] - Action delay is set to 0 milliseconds

2023-05-27 18:17:11 - [MESSAGE][PASSED] - Browser is opened with url: ''

2023-05-27 18:17:11 - [TEST_STEP][PASSED] - navigateToUrl("https://www.saucedemo.com/"): Navigate to 'https://www.saucedemo.com/' successfully

2023-05-27 18:17:11 - [MESSAGE][PASSED] - Navigate to 'https://www.saucedemo.com/' successfully

2023-05-27 18:17:11 - [TEST_STEP][PASSED] - setText(findTestObject("Object Repository/TC002_UsernameNull/Page_Swag Labs/input_Swag Labs_password"), Password): Text 'secret_sauce' is set on object 'Object Repository/TC002_UsernameNull/Page_Swag Labs/input_Swag Labs_password'

2023-05-27 18:17:13 - [MESSAGE][PASSED] - Text 'secret_sauce' is set on object 'Object Repository/TC002_UsernameNull/Page_Swag Labs/input_Swag Labs_password'

2023-05-27 18:17:13 - [TEST_STEP][PASSED] - click(findTestObject("Object Repository/TC002_UsernameNull/Page_Swag Labs/input_Swag Labs_login-button")): Object: 'Object Repository/TC002_UsernameNull/Page_Swag Labs/input_Swag Labs_login-button' is clicked on

2023-05-27 18:17:13 - [MESSAGE][PASSED] - Object: 'Object Repository/TC002_UsernameNull/Page_Swag Labs/input_Swag Labs_login-button' is clicked on

2023-05-27 18:17:13 - [TEST_STEP][PASSED] - closeBrowser(): Browser is closed

2023-05-27 18:17:13 - [MESSAGE][PASSED] - Browser is closed]]></system-out>
         <system-err><![CDATA[]]></system-err>
      </testcase>
      <testcase name="Test Cases/TC002 - UsernameNull" time="4.723" classname="Test Cases/TC002 - UsernameNull" status="PASSED">
         <system-out><![CDATA[2023-05-27 18:17:13 - [TEST_CASE][PASSED] - Test Cases/TC002 - UsernameNull: Test Cases/TC002 - UsernameNull

2023-05-27 18:17:13 - [TEST_STEP][PASSED] - openBrowser(""): Browser is opened with url: ''

2023-05-27 18:17:13 - [MESSAGE][INFO] - Starting 'Chrome' driver

2023-05-27 18:17:13 - [MESSAGE][INFO] - Action delay is set to 0 milliseconds

2023-05-27 18:17:16 - [MESSAGE][PASSED] - Browser is opened with url: ''

2023-05-27 18:17:16 - [TEST_STEP][PASSED] - navigateToUrl("https://www.saucedemo.com/"): Navigate to 'https://www.saucedemo.com/' successfully

2023-05-27 18:17:16 - [MESSAGE][PASSED] - Navigate to 'https://www.saucedemo.com/' successfully

2023-05-27 18:17:16 - [TEST_STEP][PASSED] - setText(findTestObject("Object Repository/TC002_UsernameNull/Page_Swag Labs/input_Swag Labs_password"), Password): Text 'secret_sauce' is set on object 'Object Repository/TC002_UsernameNull/Page_Swag Labs/input_Swag Labs_password'

2023-05-27 18:17:17 - [MESSAGE][PASSED] - Text 'secret_sauce' is set on object 'Object Repository/TC002_UsernameNull/Page_Swag Labs/input_Swag Labs_password'

2023-05-27 18:17:17 - [TEST_STEP][PASSED] - click(findTestObject("Object Repository/TC002_UsernameNull/Page_Swag Labs/input_Swag Labs_login-button")): Object: 'Object Repository/TC002_UsernameNull/Page_Swag Labs/input_Swag Labs_login-button' is clicked on

2023-05-27 18:17:18 - [MESSAGE][PASSED] - Object: 'Object Repository/TC002_UsernameNull/Page_Swag Labs/input_Swag Labs_login-button' is clicked on

2023-05-27 18:17:18 - [TEST_STEP][PASSED] - closeBrowser(): Browser is closed

2023-05-27 18:17:18 - [MESSAGE][PASSED] - Browser is closed]]></system-out>
         <system-err><![CDATA[]]></system-err>
      </testcase>
      <testcase name="Test Cases/TC002 - UsernameNull" time="4.506" classname="Test Cases/TC002 - UsernameNull" status="PASSED">
         <system-out><![CDATA[2023-05-27 18:17:18 - [TEST_CASE][PASSED] - Test Cases/TC002 - UsernameNull: Test Cases/TC002 - UsernameNull

2023-05-27 18:17:18 - [TEST_STEP][PASSED] - openBrowser(""): Browser is opened with url: ''

2023-05-27 18:17:18 - [MESSAGE][INFO] - Starting 'Chrome' driver

2023-05-27 18:17:18 - [MESSAGE][INFO] - Action delay is set to 0 milliseconds

2023-05-27 18:17:20 - [MESSAGE][PASSED] - Browser is opened with url: ''

2023-05-27 18:17:20 - [TEST_STEP][PASSED] - navigateToUrl("https://www.saucedemo.com/"): Navigate to 'https://www.saucedemo.com/' successfully

2023-05-27 18:17:21 - [MESSAGE][PASSED] - Navigate to 'https://www.saucedemo.com/' successfully

2023-05-27 18:17:21 - [TEST_STEP][PASSED] - setText(findTestObject("Object Repository/TC002_UsernameNull/Page_Swag Labs/input_Swag Labs_password"), Password): Text 'testing1' is set on object 'Object Repository/TC002_UsernameNull/Page_Swag Labs/input_Swag Labs_password'

2023-05-27 18:17:22 - [MESSAGE][PASSED] - Text 'testing1' is set on object 'Object Repository/TC002_UsernameNull/Page_Swag Labs/input_Swag Labs_password'

2023-05-27 18:17:22 - [TEST_STEP][PASSED] - click(findTestObject("Object Repository/TC002_UsernameNull/Page_Swag Labs/input_Swag Labs_login-button")): Object: 'Object Repository/TC002_UsernameNull/Page_Swag Labs/input_Swag Labs_login-button' is clicked on

2023-05-27 18:17:22 - [MESSAGE][PASSED] - Object: 'Object Repository/TC002_UsernameNull/Page_Swag Labs/input_Swag Labs_login-button' is clicked on

2023-05-27 18:17:22 - [TEST_STEP][PASSED] - closeBrowser(): Browser is closed

2023-05-27 18:17:23 - [MESSAGE][PASSED] - Browser is closed]]></system-out>
         <system-err><![CDATA[]]></system-err>
      </testcase>
      <system-out><![CDATA[2023-05-27 18:16:18 - [TEST_SUITE][PASSED] - LoginTest: Test Cases/TC002 - UsernameNull]]></system-out>
      <system-err><![CDATA[]]></system-err>
   </testsuite>
</testsuites>
